Using pre-set license
Built from '2023.2/staging' branch; Version is '2023.2.7f1 (0a9195b3d453) revision 692629'; Using compiler version '193431935'; Build Type 'Release'
OS: 'Windows 11  (10.0.22631) 64bit Core' Language: 'en' Physical Memory: 16043 MB
BatchMode: 1, IsHumanControllingUs: 0, StartBugReporterOnCrash: 0, Is64bit: 1, IsPro: 1

COMMAND LINE ARGUMENTS:
C:\Program Files\Unity\Hub\Editor\2023.2.7f1\Editor\Unity.exe
-adb2
-batchMode
-noUpm
-name
AssetImportWorker0
-projectPath
D:/Study/GAM20001/A2 Project/gameproductiona2/My project (1)
-logFile
Logs/AssetImportWorker0.log
-srvPort
50841
-job-worker-count
15
-background-job-worker-count
8
-asset-garbage-collectors
1
Successfully changed project path to: D:/Study/GAM20001/A2 Project/gameproductiona2/My project (1)
D:/Study/GAM20001/A2 Project/gameproductiona2/My project (1)
[UnityMemory] Configuration Parameters - Can be set up in boot.config
    "memorysetup-bucket-allocator-granularity=16"
    "memorysetup-bucket-allocator-bucket-count=8"
    "memorysetup-bucket-allocator-block-size=33554432"
    "memorysetup-bucket-allocator-block-count=8"
    "memorysetup-main-allocator-block-size=16777216"
    "memorysetup-thread-allocator-block-size=16777216"
    "memorysetup-gfx-main-allocator-block-size=16777216"
    "memorysetup-gfx-thread-allocator-block-size=16777216"
    "memorysetup-cache-allocator-block-size=4194304"
    "memorysetup-typetree-allocator-block-size=2097152"
    "memorysetup-profiler-bucket-allocator-granularity=16"
    "memorysetup-profiler-bucket-allocator-bucket-count=8"
    "memorysetup-profiler-bucket-allocator-block-size=33554432"
    "memorysetup-profiler-bucket-allocator-block-count=8"
    "memorysetup-profiler-allocator-block-size=16777216"
    "memorysetup-profiler-editor-allocator-block-size=1048576"
    "memorysetup-temp-allocator-size-main=16777216"
    "memorysetup-job-temp-allocator-block-size=2097152"
    "memorysetup-job-temp-allocator-block-size-background=1048576"
    "memorysetup-job-temp-allocator-reduction-small-platforms=262144"
    "memorysetup-allocator-temp-initial-block-size-main=262144"
    "memorysetup-allocator-temp-initial-block-size-worker=262144"
    "memorysetup-temp-allocator-size-background-worker=32768"
    "memorysetup-temp-allocator-size-job-worker=262144"
    "memorysetup-temp-allocator-size-preload-manager=33554432"
    "memorysetup-temp-allocator-size-nav-mesh-worker=65536"
    "memorysetup-temp-allocator-size-audio-worker=65536"
    "memorysetup-temp-allocator-size-cloud-worker=32768"
    "memorysetup-temp-allocator-size-gi-baking-worker=262144"
    "memorysetup-temp-allocator-size-gi-baking-worker=262144"
    "memorysetup-temp-allocator-size-gi-baking-worker=262144"
    "memorysetup-temp-allocator-size-gi-baking-worker=262144"
    "memorysetup-temp-allocator-size-gfx=262144"
Player connection [36528] Host "[IP] 192.168.20.21 [Port] 0 [Flags] 2 [Guid] 626021511 [EditorId] 626021511 [Version] 1048832 [Id] WindowsEditor(7,Darsilva) [Debug] 1 [PackageName] WindowsEditor [ProjectName] Editor" joined multi-casting on [225.0.0.222:54997]...
Player connection [36528] Host "[IP] 192.168.20.21 [Port] 0 [Flags] 2 [Guid] 626021511 [EditorId] 626021511 [Version] 1048832 [Id] WindowsEditor(7,Darsilva) [Debug] 1 [PackageName] WindowsEditor [ProjectName] Editor" joined alternative multi-casting on [225.0.0.222:34997]...
JobSystem: Creating JobQueue using job-worker-count value 15
[Physics::Module] Initialized MultithreadedJobDispatcher with 15 workers.
Library Redirect Path: Library/
Refreshing native plugins compatible for Editor in 0.58 ms, found 3 plugins.
Preloading 0 native plugins for Editor in 0.00 ms.
Initialize engine version: 2023.2.7f1 (0a9195b3d453)
[Subsystems] Discovering subsystems at path C:/Program Files/Unity/Hub/Editor/2023.2.7f1/Editor/Data/Resources/UnitySubsystems
[Subsystems] Discovering subsystems at path D:/Study/GAM20001/A2 Project/gameproductiona2/My project (1)/Assets
GfxDevice: creating device client; kGfxThreadingModeNonThreaded
Direct3D:
    Version:  Direct3D 11.0 [level 11.1]
    Renderer: NVIDIA GeForce RTX 4070 Laptop GPU (ID=0x2860)
    Vendor:   NVIDIA
    VRAM:     7948 MB
    Driver:   31.0.15.5186
Initialize mono
Mono path[0] = 'C:/Program Files/Unity/Hub/Editor/2023.2.7f1/Editor/Data/Managed'
Mono path[1] = 'C:/Program Files/Unity/Hub/Editor/2023.2.7f1/Editor/Data/MonoBleedingEdge/lib/mono/unityjit-win32'
Mono config path = 'C:/Program Files/Unity/Hub/Editor/2023.2.7f1/Editor/Data/MonoBleedingEdge/etc'
Using monoOptions --debugger-agent=transport=dt_socket,embedding=1,server=y,suspend=n,address=127.0.0.1:56660
Begin MonoManager ReloadAssembly
Registering precompiled unity dll's ...
Register platform support module: C:/Program Files/Unity/Hub/Editor/2023.2.7f1/Editor/Data/PlaybackEngines/WindowsStandaloneSupport/UnityEditor.WindowsStandalone.Extensions.dll
Registered in 0.001512 seconds.
- Loaded All Assemblies, in  0.285 seconds
Native extension for WindowsStandalone target not found
Mono: successfully reloaded assembly
- Finished resetting the current domain, in  0.191 seconds
Domain Reload Profiling: 475ms
	BeginReloadAssembly (129ms)
		ExecutionOrderSort (0ms)
		DisableScriptedObjects (0ms)
		BackupInstance (0ms)
		ReleaseScriptingObjects (0ms)
		CreateAndSetChildDomain (0ms)
	RebuildCommonClasses (22ms)
	RebuildNativeTypeToScriptingClass (8ms)
	initialDomainReloadingComplete (30ms)
	LoadAllAssembliesAndSetupDomain (95ms)
		LoadAssemblies (127ms)
		RebuildTransferFunctionScriptingTraits (0ms)
		AnalyzeDomain (93ms)
			TypeCache.Refresh (92ms)
				TypeCache.ScanAssembly (83ms)
			BuildScriptInfoCaches (0ms)
			ResolveRequiredComponents (0ms)
	FinalizeReload (191ms)
		ReleaseScriptCaches (0ms)
		RebuildScriptCaches (0ms)
		SetupLoadedEditorAssemblies (159ms)
			LogAssemblyErrors (0ms)
			InitializePlatformSupportModulesInManaged (5ms)
			SetLoadedEditorAssemblies (4ms)
			BeforeProcessingInitializeOnLoad (4ms)
			ProcessInitializeOnLoadAttributes (116ms)
			ProcessInitializeOnLoadMethodAttributes (29ms)
			AfterProcessingInitializeOnLoad (0ms)
			EditorAssembliesLoaded (0ms)
		ExecutionOrderSort2 (0ms)
		AwakeInstancesAfterBackupRestoration (0ms)
========================================================================
Worker process is ready to serve import requests
Import Worker Mode flag is 0x00
Begin MonoManager ReloadAssembly
- Loaded All Assemblies, in  0.515 seconds
Refreshing native plugins compatible for Editor in 0.28 ms, found 3 plugins.
Native extension for WindowsStandalone target not found
Mono: successfully reloaded assembly
- Finished resetting the current domain, in  0.404 seconds
Domain Reload Profiling: 918ms
	BeginReloadAssembly (219ms)
		ExecutionOrderSort (0ms)
		DisableScriptedObjects (3ms)
		BackupInstance (0ms)
		ReleaseScriptingObjects (0ms)
		CreateAndSetChildDomain (21ms)
	RebuildCommonClasses (24ms)
	RebuildNativeTypeToScriptingClass (8ms)
	initialDomainReloadingComplete (22ms)
	LoadAllAssembliesAndSetupDomain (240ms)
		LoadAssemblies (189ms)
		RebuildTransferFunctionScriptingTraits (0ms)
		AnalyzeDomain (114ms)
			TypeCache.Refresh (95ms)
				TypeCache.ScanAssembly (85ms)
			BuildScriptInfoCaches (14ms)
			ResolveRequiredComponents (2ms)
	FinalizeReload (405ms)
		ReleaseScriptCaches (0ms)
		RebuildScriptCaches (0ms)
		SetupLoadedEditorAssemblies (286ms)
			LogAssemblyErrors (0ms)
			InitializePlatformSupportModulesInManaged (2ms)
			SetLoadedEditorAssemblies (3ms)
			BeforeProcessingInitializeOnLoad (28ms)
			ProcessInitializeOnLoadAttributes (238ms)
			ProcessInitializeOnLoadMethodAttributes (13ms)
			AfterProcessingInitializeOnLoad (3ms)
			EditorAssembliesLoaded (0ms)
		ExecutionOrderSort2 (0ms)
		AwakeInstancesAfterBackupRestoration (4ms)
Launched and connected shader compiler UnityShaderCompiler.exe after 0.01 seconds
Refreshing native plugins compatible for Editor in 0.35 ms, found 3 plugins.
Preloading 0 native plugins for Editor in 0.00 ms.
Unloading 9 Unused Serialized files (Serialized files now loaded: 0)
Unloading 3527 unused Assets / (1.0 MB). Loaded Objects now: 4084.
Memory consumption went from 119.1 MB to 118.1 MB.
Total: 3.562300 ms (FindLiveObjects: 0.278600 ms CreateObjectMapping: 0.168700 ms MarkObjects: 2.529400 ms  DeleteObjects: 0.585200 ms)

========================================================================
Received Import Request.
  Time since last request: 136411.090869 seconds.
  path: Assets/New Controls.inputactions
  artifactKey: Guid(015fadfe7542edc4381a30126a58b92f) Importer(815301076,1909f56bfc062723c751e8b465ee728b)
Start importing Assets/New Controls.inputactions using Guid(015fadfe7542edc4381a30126a58b92f) Importer(815301076,1909f56bfc062723c751e8b465ee728b) (PreviewImporter) -> (artifact id: '6b1b7462572c956a185f4b1c545f1e8a') in 0.0164848 seconds
Number of updated asset objects reloaded before import = 0Number of asset objects unloaded after import = 1

========================================================================
Received Import Request.
  Time since last request: 1095.402538 seconds.
  path: Assets/New Controls.inputactions
  artifactKey: Guid(015fadfe7542edc4381a30126a58b92f) Importer(815301076,1909f56bfc062723c751e8b465ee728b)
Start importing Assets/New Controls.inputactions using Guid(015fadfe7542edc4381a30126a58b92f) Importer(815301076,1909f56bfc062723c751e8b465ee728b) (PreviewImporter) -> (artifact id: 'e839d8cdf0f99c56b28c19a5e2d44ec5') in 0.0027547 seconds
Number of updated asset objects reloaded before import = 0Number of asset objects unloaded after import = 3

========================================================================
Received Import Request.
  Time since last request: 39.958400 seconds.
  path: Assets
  artifactKey: Guid(00000000000000001000000000000000) Importer(815301076,1909f56bfc062723c751e8b465ee728b)
Start importing Assets using Guid(00000000000000001000000000000000) Importer(815301076,1909f56bfc062723c751e8b465ee728b) (PreviewImporter) -> (artifact id: 'f34163397d7a73dad3366c662ac23692') in 0.000378 seconds
Number of updated asset objects reloaded before import = 0Number of asset objects unloaded after import = 0

========================================================================
Received Prepare
Refreshing native plugins compatible for Editor in 0.37 ms, found 3 plugins.
Preloading 0 native plugins for Editor in 0.00 ms.
Unloading 0 Unused Serialized files (Serialized files now loaded: 0)
Unloading 3520 unused Assets / (1.0 MB). Loaded Objects now: 4088.
Memory consumption went from 116.3 MB to 115.3 MB.
Total: 5.218500 ms (FindLiveObjects: 0.305300 ms CreateObjectMapping: 0.149200 ms MarkObjects: 3.979500 ms  DeleteObjects: 0.778300 ms)

Prepare: number of updated asset objects reloaded= 0
========================================================================
Received Import Request.
  Time since last request: 6.496417 seconds.
  path: Assets/PlayerInput.cs
  artifactKey: Guid(1daa34377f7d74148b41ac04a00b5b10) Importer(815301076,1909f56bfc062723c751e8b465ee728b)
Start importing Assets/PlayerInput.cs using Guid(1daa34377f7d74148b41ac04a00b5b10) Importer(815301076,1909f56bfc062723c751e8b465ee728b) (PreviewImporter) -> (artifact id: 'b60e1a511787d4d3b01849c7f0db0076') in 0.000626 seconds
Number of updated asset objects reloaded before import = 0Number of asset objects unloaded after import = 0

========================================================================
Received Prepare
Begin MonoManager ReloadAssembly
- Loaded All Assemblies, in  0.832 seconds
Refreshing native plugins compatible for Editor in 0.71 ms, found 3 plugins.
Native extension for WindowsStandalone target not found
Mono: successfully reloaded assembly
- Finished resetting the current domain, in  0.736 seconds
Domain Reload Profiling: 1567ms
	BeginReloadAssembly (246ms)
		ExecutionOrderSort (0ms)
		DisableScriptedObjects (6ms)
		BackupInstance (0ms)
		ReleaseScriptingObjects (0ms)
		CreateAndSetChildDomain (58ms)
	RebuildCommonClasses (53ms)
	RebuildNativeTypeToScriptingClass (17ms)
	initialDomainReloadingComplete (36ms)
	LoadAllAssembliesAndSetupDomain (478ms)
		LoadAssemblies (442ms)
		RebuildTransferFunctionScriptingTraits (0ms)
		AnalyzeDomain (170ms)
			TypeCache.Refresh (13ms)
				TypeCache.ScanAssembly (0ms)
			BuildScriptInfoCaches (149ms)
			ResolveRequiredComponents (5ms)
	FinalizeReload (737ms)
		ReleaseScriptCaches (0ms)
		RebuildScriptCaches (0ms)
		SetupLoadedEditorAssemblies (488ms)
			LogAssemblyErrors (0ms)
			InitializePlatformSupportModulesInManaged (3ms)
			SetLoadedEditorAssemblies (5ms)
			BeforeProcessingInitializeOnLoad (42ms)
			ProcessInitializeOnLoadAttributes (404ms)
			ProcessInitializeOnLoadMethodAttributes (26ms)
			AfterProcessingInitializeOnLoad (6ms)
			EditorAssembliesLoaded (0ms)
		ExecutionOrderSort2 (0ms)
		AwakeInstancesAfterBackupRestoration (8ms)
Refreshing native plugins compatible for Editor in 0.77 ms, found 3 plugins.
Preloading 0 native plugins for Editor in 0.00 ms.
Unloading 0 Unused Serialized files (Serialized files now loaded: 0)
Unloading 3526 unused Assets / (0.8 MB). Loaded Objects now: 4088.
Memory consumption went from 119.5 MB to 118.7 MB.
Total: 8.061100 ms (FindLiveObjects: 0.595900 ms CreateObjectMapping: 0.312400 ms MarkObjects: 6.303500 ms  DeleteObjects: 0.848500 ms)

Prepare: number of updated asset objects reloaded= 0
========================================================================
Received Import Request.
  Time since last request: 10.181935 seconds.
  path: Assets/PlayerInput.cs
  artifactKey: Guid(1daa34377f7d74148b41ac04a00b5b10) Importer(815301076,1909f56bfc062723c751e8b465ee728b)
Start importing Assets/PlayerInput.cs using Guid(1daa34377f7d74148b41ac04a00b5b10) Importer(815301076,1909f56bfc062723c751e8b465ee728b) (PreviewImporter) -> (artifact id: '9ca5019bdcab426c5845846a9e93ffb8') in 0.001674 seconds
Number of updated asset objects reloaded before import = 0Number of asset objects unloaded after import = 0

========================================================================
Received Prepare
Refreshing native plugins compatible for Editor in 0.37 ms, found 3 plugins.
Preloading 0 native plugins for Editor in 0.00 ms.
Unloading 0 Unused Serialized files (Serialized files now loaded: 0)
Unloading 3520 unused Assets / (0.8 MB). Loaded Objects now: 4088.
Memory consumption went from 119.7 MB to 118.9 MB.
Total: 3.457100 ms (FindLiveObjects: 0.445900 ms CreateObjectMapping: 0.157000 ms MarkObjects: 2.391400 ms  DeleteObjects: 0.462000 ms)

Prepare: number of updated asset objects reloaded= 0
========================================================================
Received Import Request.
  Time since last request: 124.416257 seconds.
  path: Assets/PlayerInput.cs
  artifactKey: Guid(1daa34377f7d74148b41ac04a00b5b10) Importer(815301076,1909f56bfc062723c751e8b465ee728b)
Start importing Assets/PlayerInput.cs using Guid(1daa34377f7d74148b41ac04a00b5b10) Importer(815301076,1909f56bfc062723c751e8b465ee728b) (PreviewImporter) -> (artifact id: '0f1ba4d50ab43703f97ecead671f8d2a') in 0.0007535 seconds
Number of updated asset objects reloaded before import = 0Number of asset objects unloaded after import = 0

========================================================================
Received Prepare
Refreshing native plugins compatible for Editor in 0.41 ms, found 3 plugins.
Preloading 0 native plugins for Editor in 0.00 ms.
Unloading 0 Unused Serialized files (Serialized files now loaded: 0)
Unloading 3520 unused Assets / (0.6 MB). Loaded Objects now: 4088.
Memory consumption went from 119.7 MB to 119.1 MB.
Total: 3.579800 ms (FindLiveObjects: 0.292200 ms CreateObjectMapping: 0.239800 ms MarkObjects: 2.468900 ms  DeleteObjects: 0.578400 ms)

Prepare: number of updated asset objects reloaded= 0
========================================================================
Received Import Request.
  Time since last request: 102.421916 seconds.
  path: Assets/PlayerControls.inputactions
  artifactKey: Guid(015fadfe7542edc4381a30126a58b92f) Importer(815301076,1909f56bfc062723c751e8b465ee728b)
Start importing Assets/PlayerControls.inputactions using Guid(015fadfe7542edc4381a30126a58b92f) Importer(815301076,1909f56bfc062723c751e8b465ee728b) (PreviewImporter) -> (artifact id: '195265e2415df18d4dce4016ba4153dc') in 0.0127539 seconds
Number of updated asset objects reloaded before import = 0Number of asset objects unloaded after import = 3

========================================================================
Received Prepare
Refreshing native plugins compatible for Editor in 0.39 ms, found 3 plugins.
Preloading 0 native plugins for Editor in 0.00 ms.
Unloading 0 Unused Serialized files (Serialized files now loaded: 0)
Unloading 3520 unused Assets / (0.9 MB). Loaded Objects now: 4088.
Memory consumption went from 119.8 MB to 118.8 MB.
Total: 4.428700 ms (FindLiveObjects: 0.333700 ms CreateObjectMapping: 0.143800 ms MarkObjects: 3.382100 ms  DeleteObjects: 0.567500 ms)

Prepare: number of updated asset objects reloaded= 0
========================================================================
Received Import Request.
  Time since last request: 87.795649 seconds.
  path: Assets/PlayerControls.inputactions
  artifactKey: Guid(015fadfe7542edc4381a30126a58b92f) Importer(815301076,1909f56bfc062723c751e8b465ee728b)
Start importing Assets/PlayerControls.inputactions using Guid(015fadfe7542edc4381a30126a58b92f) Importer(815301076,1909f56bfc062723c751e8b465ee728b) (PreviewImporter) -> (artifact id: '1d6ae4c8deafc6695eee486bd1a0042f') in 0.0013417 seconds
Number of updated asset objects reloaded before import = 0Number of asset objects unloaded after import = 1

========================================================================
Received Import Request.
  Time since last request: 56.954237 seconds.
  path: Assets/PlayerControls.inputactions
  artifactKey: Guid(015fadfe7542edc4381a30126a58b92f) Importer(815301076,1909f56bfc062723c751e8b465ee728b)
Start importing Assets/PlayerControls.inputactions using Guid(015fadfe7542edc4381a30126a58b92f) Importer(815301076,1909f56bfc062723c751e8b465ee728b) (PreviewImporter) -> (artifact id: '51adc2f20b134c7c202188c86271e4e6') in 0.001278 seconds
Number of updated asset objects reloaded before import = 0Number of asset objects unloaded after import = 3

========================================================================
Received Import Request.
  Time since last request: 12.739929 seconds.
  path: Assets/PlayerControls.inputactions
  artifactKey: Guid(015fadfe7542edc4381a30126a58b92f) Importer(815301076,1909f56bfc062723c751e8b465ee728b)
Start importing Assets/PlayerControls.inputactions using Guid(015fadfe7542edc4381a30126a58b92f) Importer(815301076,1909f56bfc062723c751e8b465ee728b) (PreviewImporter) -> (artifact id: 'd5db20b5dc89598a6390af04ba8f0196') in 0.0012199 seconds
Number of updated asset objects reloaded before import = 0Number of asset objects unloaded after import = 3

========================================================================
Received Import Request.
  Time since last request: 2.890389 seconds.
  path: Assets/PlayerControls.inputactions
  artifactKey: Guid(015fadfe7542edc4381a30126a58b92f) Importer(815301076,1909f56bfc062723c751e8b465ee728b)
Start importing Assets/PlayerControls.inputactions using Guid(015fadfe7542edc4381a30126a58b92f) Importer(815301076,1909f56bfc062723c751e8b465ee728b) (PreviewImporter) -> (artifact id: '0ea6b1413a7520b922ebc570500d6f84') in 0.0010532 seconds
Number of updated asset objects reloaded before import = 0Number of asset objects unloaded after import = 3

========================================================================
Received Import Request.
  Time since last request: 3.214190 seconds.
  path: Assets/PlayerControls.inputactions
  artifactKey: Guid(015fadfe7542edc4381a30126a58b92f) Importer(815301076,1909f56bfc062723c751e8b465ee728b)
Start importing Assets/PlayerControls.inputactions using Guid(015fadfe7542edc4381a30126a58b92f) Importer(815301076,1909f56bfc062723c751e8b465ee728b) (PreviewImporter) -> (artifact id: 'ae141cccb3b8d631adc53001e93c5576') in 0.0010437 seconds
Number of updated asset objects reloaded before import = 0Number of asset objects unloaded after import = 3

========================================================================
Received Import Request.
  Time since last request: 2.018263 seconds.
  path: Assets/PlayerControls.inputactions
  artifactKey: Guid(015fadfe7542edc4381a30126a58b92f) Importer(815301076,1909f56bfc062723c751e8b465ee728b)
Start importing Assets/PlayerControls.inputactions using Guid(015fadfe7542edc4381a30126a58b92f) Importer(815301076,1909f56bfc062723c751e8b465ee728b) (PreviewImporter) -> (artifact id: '8f1f8676fe73c34f9a34a522cdccf6b5') in 0.0012648 seconds
Number of updated asset objects reloaded before import = 0Number of asset objects unloaded after import = 3

========================================================================
Received Import Request.
  Time since last request: 3.295296 seconds.
  path: Assets/PlayerControls.inputactions
  artifactKey: Guid(015fadfe7542edc4381a30126a58b92f) Importer(815301076,1909f56bfc062723c751e8b465ee728b)
Start importing Assets/PlayerControls.inputactions using Guid(015fadfe7542edc4381a30126a58b92f) Importer(815301076,1909f56bfc062723c751e8b465ee728b) (PreviewImporter) -> (artifact id: '9e7aa388d959a66cbd9a64ce44e6997f') in 0.0014079 seconds
Number of updated asset objects reloaded before import = 0Number of asset objects unloaded after import = 3

========================================================================
Received Import Request.
  Time since last request: 2.343476 seconds.
  path: Assets/PlayerControls.inputactions
  artifactKey: Guid(015fadfe7542edc4381a30126a58b92f) Importer(815301076,1909f56bfc062723c751e8b465ee728b)
Start importing Assets/PlayerControls.inputactions using Guid(015fadfe7542edc4381a30126a58b92f) Importer(815301076,1909f56bfc062723c751e8b465ee728b) (PreviewImporter) -> (artifact id: '7403c3b58917348a718da20b2a9ce367') in 0.0011054 seconds
Number of updated asset objects reloaded before import = 0Number of asset objects unloaded after import = 3

========================================================================
Received Import Request.
  Time since last request: 1.290857 seconds.
  path: Assets/PlayerControls.inputactions
  artifactKey: Guid(015fadfe7542edc4381a30126a58b92f) Importer(815301076,1909f56bfc062723c751e8b465ee728b)
Start importing Assets/PlayerControls.inputactions using Guid(015fadfe7542edc4381a30126a58b92f) Importer(815301076,1909f56bfc062723c751e8b465ee728b) (PreviewImporter) -> (artifact id: '9d8f9aefbcba1a65f1ac19e455db093f') in 0.0013646 seconds
Number of updated asset objects reloaded before import = 0Number of asset objects unloaded after import = 3

========================================================================
Received Import Request.
  Time since last request: 1.570502 seconds.
  path: Assets/PlayerControls.inputactions
  artifactKey: Guid(015fadfe7542edc4381a30126a58b92f) Importer(815301076,1909f56bfc062723c751e8b465ee728b)
Start importing Assets/PlayerControls.inputactions using Guid(015fadfe7542edc4381a30126a58b92f) Importer(815301076,1909f56bfc062723c751e8b465ee728b) (PreviewImporter) -> (artifact id: '498362a2838f5695e47e319c8e0f978a') in 0.0020179 seconds
Number of updated asset objects reloaded before import = 0Number of asset objects unloaded after import = 3

========================================================================
Received Prepare
Refreshing native plugins compatible for Editor in 0.40 ms, found 3 plugins.
Preloading 0 native plugins for Editor in 0.00 ms.
Unloading 0 Unused Serialized files (Serialized files now loaded: 0)
Unloading 3520 unused Assets / (0.8 MB). Loaded Objects now: 4088.
Memory consumption went from 119.8 MB to 119.0 MB.
Total: 5.361900 ms (FindLiveObjects: 0.463600 ms CreateObjectMapping: 0.153800 ms MarkObjects: 4.022700 ms  DeleteObjects: 0.720800 ms)

Prepare: number of updated asset objects reloaded= 0
========================================================================
Received Prepare
Refreshing native plugins compatible for Editor in 0.35 ms, found 3 plugins.
Preloading 0 native plugins for Editor in 0.00 ms.
Unloading 0 Unused Serialized files (Serialized files now loaded: 0)
Unloading 3520 unused Assets / (1.1 MB). Loaded Objects now: 4088.
Memory consumption went from 119.8 MB to 118.7 MB.
Total: 5.350900 ms (FindLiveObjects: 0.241400 ms CreateObjectMapping: 0.119500 ms MarkObjects: 4.046700 ms  DeleteObjects: 0.941800 ms)

Prepare: number of updated asset objects reloaded= 0
========================================================================
Received Prepare
Refreshing native plugins compatible for Editor in 0.37 ms, found 3 plugins.
Preloading 0 native plugins for Editor in 0.00 ms.
Unloading 0 Unused Serialized files (Serialized files now loaded: 0)
Unloading 3520 unused Assets / (1.0 MB). Loaded Objects now: 4088.
Memory consumption went from 119.8 MB to 118.8 MB.
Total: 4.088000 ms (FindLiveObjects: 0.227900 ms CreateObjectMapping: 0.111800 ms MarkObjects: 3.028900 ms  DeleteObjects: 0.718100 ms)

Prepare: number of updated asset objects reloaded= 0
========================================================================
Received Prepare
Refreshing native plugins compatible for Editor in 0.35 ms, found 3 plugins.
Preloading 0 native plugins for Editor in 0.00 ms.
Unloading 0 Unused Serialized files (Serialized files now loaded: 0)
Unloading 3520 unused Assets / (0.9 MB). Loaded Objects now: 4088.
Memory consumption went from 119.8 MB to 118.8 MB.
Total: 4.594800 ms (FindLiveObjects: 0.261600 ms CreateObjectMapping: 0.092900 ms MarkObjects: 3.640500 ms  DeleteObjects: 0.596500 ms)

Prepare: number of updated asset objects reloaded= 0
========================================================================
Received Import Request.
  Time since last request: 327.853678 seconds.
  path: Assets/PlayerInput.cs
  artifactKey: Guid(1daa34377f7d74148b41ac04a00b5b10) Importer(815301076,1909f56bfc062723c751e8b465ee728b)
Start importing Assets/PlayerInput.cs using Guid(1daa34377f7d74148b41ac04a00b5b10) Importer(815301076,1909f56bfc062723c751e8b465ee728b) (PreviewImporter) -> (artifact id: '58c5d5c0379ce182812c15db127ec27d') in 0.0016566 seconds
Number of updated asset objects reloaded before import = 0Number of asset objects unloaded after import = 0

========================================================================
Received Import Request.
  Time since last request: 111.287335 seconds.
  path: Assets/PlayerControls.inputactions
  artifactKey: Guid(015fadfe7542edc4381a30126a58b92f) Importer(815301076,1909f56bfc062723c751e8b465ee728b)
Start importing Assets/PlayerControls.inputactions using Guid(015fadfe7542edc4381a30126a58b92f) Importer(815301076,1909f56bfc062723c751e8b465ee728b) (PreviewImporter) -> (artifact id: 'b1c90dc0ff0c269b831d158ca342f166') in 0.0012608 seconds
Number of updated asset objects reloaded before import = 0Number of asset objects unloaded after import = 3

========================================================================
Received Prepare
Refreshing native plugins compatible for Editor in 0.34 ms, found 3 plugins.
Preloading 0 native plugins for Editor in 0.00 ms.
Unloading 0 Unused Serialized files (Serialized files now loaded: 0)
Unloading 3521 unused Assets / (0.9 MB). Loaded Objects now: 4089.
Memory consumption went from 119.8 MB to 118.9 MB.
Total: 3.790100 ms (FindLiveObjects: 0.226600 ms CreateObjectMapping: 0.172200 ms MarkObjects: 2.761900 ms  DeleteObjects: 0.628800 ms)

Prepare: number of updated asset objects reloaded= 0
========================================================================
Received Import Request.
  Time since last request: 1.796078 seconds.
  path: Assets/PlayerControls.cs
  artifactKey: Guid(7d2216c68929b604a98e7be19f64fc9e) Importer(815301076,1909f56bfc062723c751e8b465ee728b)
Start importing Assets/PlayerControls.cs using Guid(7d2216c68929b604a98e7be19f64fc9e) Importer(815301076,1909f56bfc062723c751e8b465ee728b) (PreviewImporter) -> (artifact id: '0a65b330e7dfb624763b56f5d4b600d4') in 0.0005458 seconds
Number of updated asset objects reloaded before import = 0Number of asset objects unloaded after import = 0

========================================================================
Received Prepare
Refreshing native plugins compatible for Editor in 0.41 ms, found 3 plugins.
Preloading 0 native plugins for Editor in 0.00 ms.
Unloading 0 Unused Serialized files (Serialized files now loaded: 0)
Unloading 3521 unused Assets / (0.8 MB). Loaded Objects now: 4089.
Memory consumption went from 119.8 MB to 119.0 MB.
Total: 4.374800 ms (FindLiveObjects: 0.233600 ms CreateObjectMapping: 0.114300 ms MarkObjects: 3.418600 ms  DeleteObjects: 0.607500 ms)

Prepare: number of updated asset objects reloaded= 0
========================================================================
Received Prepare
Refreshing native plugins compatible for Editor in 0.41 ms, found 3 plugins.
Preloading 0 native plugins for Editor in 0.00 ms.
Unloading 0 Unused Serialized files (Serialized files now loaded: 0)
Unloading 3520 unused Assets / (1.0 MB). Loaded Objects now: 4088.
Memory consumption went from 119.8 MB to 118.8 MB.
Total: 4.847600 ms (FindLiveObjects: 0.237100 ms CreateObjectMapping: 0.108200 ms MarkObjects: 3.814900 ms  DeleteObjects: 0.685800 ms)

Prepare: number of updated asset objects reloaded= 0
========================================================================
Received Prepare
Refreshing native plugins compatible for Editor in 0.38 ms, found 3 plugins.
Preloading 0 native plugins for Editor in 0.00 ms.
Unloading 0 Unused Serialized files (Serialized files now loaded: 0)
Unloading 3521 unused Assets / (0.9 MB). Loaded Objects now: 4089.
Memory consumption went from 119.8 MB to 118.8 MB.
Total: 4.600100 ms (FindLiveObjects: 0.256800 ms CreateObjectMapping: 0.103400 ms MarkObjects: 3.494100 ms  DeleteObjects: 0.745100 ms)

Prepare: number of updated asset objects reloaded= 0
========================================================================
Received Prepare
Refreshing native plugins compatible for Editor in 0.38 ms, found 3 plugins.
Preloading 0 native plugins for Editor in 0.00 ms.
Unloading 0 Unused Serialized files (Serialized files now loaded: 0)
Unloading 3520 unused Assets / (0.9 MB). Loaded Objects now: 4088.
Memory consumption went from 119.8 MB to 118.9 MB.
Total: 3.785400 ms (FindLiveObjects: 0.287500 ms CreateObjectMapping: 0.152100 ms MarkObjects: 2.769300 ms  DeleteObjects: 0.576200 ms)

Prepare: number of updated asset objects reloaded= 0
========================================================================
Received Prepare
Refreshing native plugins compatible for Editor in 0.58 ms, found 3 plugins.
Preloading 0 native plugins for Editor in 0.00 ms.
Unloading 0 Unused Serialized files (Serialized files now loaded: 0)
Unloading 3520 unused Assets / (1.1 MB). Loaded Objects now: 4088.
Memory consumption went from 119.8 MB to 118.6 MB.
Total: 4.704300 ms (FindLiveObjects: 0.212600 ms CreateObjectMapping: 0.103800 ms MarkObjects: 3.634100 ms  DeleteObjects: 0.752700 ms)

Prepare: number of updated asset objects reloaded= 0
========================================================================
Received Prepare
Refreshing native plugins compatible for Editor in 0.37 ms, found 3 plugins.
Preloading 0 native plugins for Editor in 0.00 ms.
Unloading 0 Unused Serialized files (Serialized files now loaded: 0)
Unloading 3520 unused Assets / (0.9 MB). Loaded Objects now: 4088.
Memory consumption went from 119.8 MB to 118.8 MB.
Total: 3.863500 ms (FindLiveObjects: 0.265000 ms CreateObjectMapping: 0.091200 ms MarkObjects: 2.957800 ms  DeleteObjects: 0.548900 ms)

Prepare: number of updated asset objects reloaded= 0
========================================================================
Received Import Request.
  Time since last request: 858.240016 seconds.
  path: Assets/PlayerControls.inputactions
  artifactKey: Guid(015fadfe7542edc4381a30126a58b92f) Importer(2089858483,192608db42251d675da83286b1cce702)
Start importing Assets/PlayerControls.inputactions using Guid(015fadfe7542edc4381a30126a58b92f) Importer(2089858483,192608db42251d675da83286b1cce702) (ScriptedImporter) -> (artifact id: '24114f600311654df69a0401a0189269') in 0.0643342 seconds
Number of updated asset objects reloaded before import = 0Number of asset objects unloaded after import = 4

